make all --print-data-base --no-builtin-variables --no-builtin-rules --question
# GNU Make 3.81
# Copyright (C) 2006  Free Software Foundation, Inc.
# This is free software; see the source for copying conditions.
# There is NO warranty; not even for MERCHANTABILITY or FITNESS FOR A
# PARTICULAR PURPOSE.

# This program built for i386-apple-darwin11.3.0
 

# Make data base, printed on Mon Apr  4 14:26:18 2022

# Variables

# makefile (from `Makefile', line 47)
 
OBJF = .cache_exists
# automatic
<D = $(patsubst %/,%,$(dir $<))
# automatic
?F = $(notdir $?)
# makefile (from `Makefile', line 43)
OBJ = $(addprefix $(OBJ_DIR), $(addsuffix .o, $(SRC_FILES)))
# makefile (from `Makefile', line 28)
GRAY = \033[0;90m
# makefile (from `Makefile', line 42)
SRC = $(addprefix $(SRC_DIR), $(addsuffix .c, $(SRC_FILES)))
# environment
VSCODE_LOG_NATIVE = false
# automatic
?D = $(patsubst %/,%,$(dir $?))
# automatic
@D = $(patsubst %/,%,$(dir $@))
# automatic
@F = $(notdir $@)
# makefile
CURDIR := /Users/mac/Desktop/42-project/ft_printf
# makefile
SHELL = /bin/sh
# makefile (from `Makefile', line 22)
RM = rm -f
# environment
VSCODE_NLS_CONFIG = {"locale":"en-us","availableLanguages":{},"_languagePackSupport":true}
# environment
_ = /usr/bin/make
# makefile (from `Makefile', line 21)
CFLAGS = -Wall -Werror -Wextra -I
# makefile (from `Makefile', line 32)
BLUE = \033[0;94m
# makefile (from `Makefile', line 1)
MAKEFILE_LIST :=  Makefile
# makefile (from `Makefile', line 19)
OBJ_DIR = obj/
# environment
VSCODE_VERBOSE_LOGGING = true
# environment
__CFBundleIdentifier = com.microsoft.VSCode
# environment
VSCODE_IPC_HOOK_EXTHOST = /var/folders/t9/13mvjs3n10l5mx6x47rj4b5h0000gn/T/vscode-ipc-e8aaf3b0-9d28-4627-89f7-030aa7a14aeb.sock
# environment
VSCODE_CWD = /
# environment
PATH = /Users/mac/.volta/bin:/usr/local/bin:/usr/bin:/bin:/usr/sbin:/sbin:/Applications/VMware Fusion.app/Contents/Public:/Library/Apple/usr/bin
# environment
LSCOLORS = Gxfxcxdxbxegedabagacad
# environment
LaunchInstanceID = 99771901-4F07-4623-A273-C1BE9DF2147E
# makefile (from `Makefile', line 23)
AR = ar rcs
# environment
VSCODE_LOG_STACK = false
# environment
ELECTRON_RUN_AS_NODE = 1
# default
.FEATURES := target-specific order-only second-expansion else-if archives jobserver check-symlink
# environment
SSH_AUTH_SOCK = /private/tmp/com.apple.launchd.54mBFHRx52/Listeners
# automatic
%F = $(notdir $%)
# environment
VSCODE_PIPE_LOGGING = true
# environment
PWD = /Users/mac/Desktop/42-project/ft_printf
# environment
ORIGINAL_XDG_CURRENT_DESKTOP = undefined
# makefile (from `Makefile', line 30)
GREEN = \033[0;92m
# environment
VSCODE_AMD_ENTRYPOINT = vs/workbench/api/node/extensionHostProcess
# environment
HOME = /Users/mac
# default
MAKEFILEPATH = $(shell /usr/bin/xcode-select -print-path 2>/dev/null || echo /Developer)/Makefiles
# environment
VSCODE_CODE_CACHE_PATH = /Users/mac/Library/Application Support/Code/CachedData/c722ca6c7eed3d7987c0d5c3df5c45f6b15e77d1
# environment
LOGNAME = mac
# environment
APPLICATION_INSIGHTS_NO_DIAGNOSTIC_CHANNEL = 1
# environment
ZSH = /Users/mac/.oh-my-zsh
# environment
VSCODE_HANDLES_UNCAUGHT_ERRORS = true
# automatic
^D = $(patsubst %/,%,$(dir $^))
# environment
XPC_FLAGS = 0x0
# default
MAKE = $(MAKE_COMMAND)
# default
MAKECMDGOALS := all
# makefile (from `Makefile', line 27)
DEF_COLOR = \033[0;39m
# environment
SHLVL = 1
# environment
VOLTA_HOME = /Users/mac/.volta
# makefile (from `Makefile', line 35)
WHITE = \033[0;97m
# makefile (from `Makefile', line 17)
LIBFT = libft
# makefile (from `Makefile', line 20)
CC = gcc
# default
MAKE_VERSION := 3.81
# environment
USER = mac
# makefile
.DEFAULT_GOAL := all
# makefile (from `Makefile', line 16)
INCLUDE = include
# makefile (from `Makefile', line 15)
NAME = libftprintf.a
# environment
LESS = -R
# automatic
%D = $(patsubst %/,%,$(dir $%))
# default
MAKE_COMMAND := /Library/Developer/CommandLineTools/usr/bin/make
# default
.VARIABLES := 
# environment
TMPDIR = /var/folders/t9/13mvjs3n10l5mx6x47rj4b5h0000gn/T/
# automatic
*F = $(notdir $*)
# environment
VSCODE_IPC_HOOK = /Users/mac/Library/Application Support/Code/1.65.2-main.sock
# makefile (from `Makefile', line 29)
RED = \033[0;91m
# makefile
MAKEFLAGS = Rrqp
# environment
MFLAGS = -Rrqp
 
# automatic
*D = $(patsubst %/,%,$(dir $*))
# environment
XPC_SERVICE_NAME = application.com.microsoft.VSCode.12889372604.12889372610
# automatic
+D = $(patsubst %/,%,$(dir $+))
# makefile (from `Makefile', line 31)
YELLOW = \033[0;93m
# makefile (from `Makefile', line 34)
CYAN = \033[0;96m
# automatic
+F = $(notdir $+)
# environment
__CF_USER_TEXT_ENCODING = 0x1F5:0x0:0x0
# environment
COMMAND_MODE = unix2003
# default
MAKEFILES := 
# makefile (from `Makefile', line 18)
SRC_DIR = src/
# automatic
<F = $(notdir $<)
# environment
PAGER = less
# environment
LC_ALL = C
# environment
SECURITYSESSIONID = 186a3
# automatic
^F = $(notdir $^)
# makefile (from `Makefile', line 39)
SRC_FILES = ft_printf ft_printf_utils ft_print_ptr ft_print_unsigned ft_print_hex
# default
SUFFIXES := 
# default
.INCLUDE_DIRS = /usr/local/include
# makefile (from `Makefile', line 33)
MAGENTA = \033[0;95m
# environment
MAKELEVEL := 0
# environment
LANG = C
# environment
VSCODE_PID = 1985
# variable set hash-table stats:
# Load=91/1024=9%, Rehash=0, Collisions=5/127=4%

# Pattern-specific Variable Values

# No pattern-specific variable values.

# Directories

# . (device 16777220, inode 12888770748): 11 files, no impossibilities.
# src (device 16777220, inode 12888770807): 4 files, no impossibilities so far.

# 15 files, no impossibilities in 2 directories.

# Implicit Rules

obj/%.o: src/%.c | .cache_exists
#  commands to execute (from `Makefile', line 59):
	@echo "$(YELLOW)Compiling: $< $(DEF_COLOR)"
	@$(CC) $(CFLAGS) $(INCLUDE) -c $< -o $@
	

# 1 implicit rules, 0 (0.0%) terminal.

# Files

# Not a target:
obj/ft_print_hex.o:
#  Implicit rule search has not been done.
#  Modification time never checked.
#  File has not been updated.

all: libftprintf.a
#  Phony target (prerequisite of .PHONY).
#  Command-line target.
#  Implicit rule search has not been done.
#  File does not exist.
#  File has been updated.
#  Needs to be updated (-q is set).
# variable set hash-table stats:
 
# Load=0/32=0%, Rehash=0, Collisions=0/3=0%

.PHONY: all clean fclean re norm
#  Implicit rule search has not been done.
#  Modification time never checked.
#  File has not been updated.

.cache_exists:
#  Implicit rule search has not been done.
#  Implicit/static pattern stem: `'
#  File does not exist.
#  File has been updated.
#  Needs to be updated (-q is set).
# automatic
# @ := .cache_exists
# automatic
# % := 
# automatic
# * := 
# automatic
# + := 
# automatic
# | := 
# automatic
# < := 
# automatic
# ^ := 
# automatic
# ? := 
# variable set hash-table stats:
# Load=8/32=25%, Rehash=0, Collisions=1/11=9%
#  commands to execute (from `Makefile', line 63):
	@mkdir -p $(OBJ_DIR)
	

# Not a target:
obj/ft_printf_utils.o:
#  Implicit rule search has not been done.
#  Modification time never checked.
#  File has not been updated.

# Not a target:
.SUFFIXES:
#  Implicit rule search has not been done.
#  Modification time never checked.
#  File has not been updated.

# Not a target:
Makefile:
#  Implicit rule search has been done.
#  Last modified 2022-03-08 06:26:07
#  File has been updated.
#  Successfully updated.
# variable set hash-table stats:
# Load=0/32=0%, Rehash=0, Collisions=0/0=0%

fclean: clean
#  Phony target (prerequisite of .PHONY).
#  Implicit rule search has not been done.
#  File does not exist.
#  File has not been updated.
#  commands to execute (from `Makefile', line 71):
	@$(RM) -f $(NAME)
	@$(RM) -f $(LIBFT)/libft.a
	@echo "$(CYAN)ft_printf executable files cleaned!$(DEF_COLOR)"
	@echo "$(CYAN)libft executable files cleaned!$(DEF_COLOR)"
	

norm:
#  Phony target (prerequisite of .PHONY).
#  Implicit rule search has not been done.
#  File does not exist.
#  File has not been updated.
#  commands to execute (from `Makefile', line 80):
	@norminette $(SRC) $(INCLUDE) $(LIBFT) | grep -v Norme -B1 || true
	

obj/ft_printf.o: src/ft_printf.c | .cache_exists
#  Implicit rule search has been done.
#  Implicit/static pattern stem: `ft_printf'
#  File does not exist.
#  File has been updated.
#  Needs to be updated (-q is set).
# variable set hash-table stats:
# Load=0/32=0%, Rehash=0, Collisions=0/3=0%
#  commands to execute (from `Makefile', line 59):
	@echo "$(YELLOW)Compiling: $< $(DEF_COLOR)"
	@$(CC) $(CFLAGS) $(INCLUDE) -c $< -o $@
	

# Not a target:
.DEFAULT:
#  Implicit rule search has not been done.
#  Modification time never checked.
#  File has not been updated.

# Not a target:
obj/ft_print_ptr.o:
#  Implicit rule search has not been done.
#  Modification time never checked.
#  File has not been updated.

re: fclean all
 
#  Phony target (prerequisite of .PHONY).
#  Implicit rule search has not been done.
#  File does not exist.
#  File has not been updated.
#  commands to execute (from `Makefile', line 77):
	@echo "$(GREEN)Cleaned and rebuilt everything for ft_printf!$(DEF_COLOR)"
	

clean:
#  Phony target (prerequisite of .PHONY).
#  Implicit rule search has not been done.
#  File does not exist.
#  File has not been updated.
#  commands to execute (from `Makefile', line 66):
	@$(RM) -rf $(OBJ_DIR)
	@make clean -C $(LIBFT)
	@echo "$(BLUE)ft_printf object files cleaned!$(DEF_COLOR)"
	

# Not a target:
obj/ft_print_unsigned.o:
#  Implicit rule search has not been done.
#  Modification time never checked.
#  File has not been updated.

# Not a target:
src/ft_printf.c:
#  Implicit rule search has been done.
#  Last modified 2022-03-26 15:11:42
#  File has been updated.
#  Successfully updated.
# variable set hash-table stats:
# Load=0/32=0%, Rehash=0, Collisions=0/0=0%

libftprintf.a: obj/ft_printf.o obj/ft_printf_utils.o obj/ft_print_ptr.o obj/ft_print_unsigned.o obj/ft_print_hex.o
#  Implicit rule search has not been done.
#  File does not exist.
#  File has been updated.
#  Needs to be updated (-q is set).
# variable set hash-table stats:
# Load=0/32=0%, Rehash=0, Collisions=0/3=0%
#  commands to execute (from `Makefile', line 52):
	@make -C $(LIBFT)
	@cp libft/libft.a .
	@mv libft.a $(NAME)
	@$(AR) $(NAME) $(OBJ)
	@echo "$(GREEN)ft_printf compiled!$(DEF_COLOR)"
	

# files hash-table stats:
# Load=17/1024=2%, Rehash=0, Collisions=2/50=4%
# VPATH Search Paths

# No `vpath' search paths.

# No general (`VPATH' variable) search path.

# # of strings in strcache: 1
# # of strcache buffers: 1
# strcache size: total = 4096 / max = 4096 / min = 4096 / avg = 4096
# strcache free: total = 4087 / max = 4087 / min = 4087 / avg = 4087

# Finished Make data base on Mon Apr  4 14:26:18 2022

 
